<?xml version="1.0" encoding="UTF-8"?>
<!-- Generated by org.testng.reporters.JUnitReportReporter -->
<testsuite hostname="Anik" failures="0" tests="7" name="dataprovider.OurWebSiteExcel" time="28.335" errors="0" timestamp="06 Nov. 2019 12:15:50 GMT" skipped="0">
  <testcase classname="dataprovider.OurWebSiteExcel" name="OurWebSite" time="4.899"/>
  <testcase classname="dataprovider.OurWebSiteExcel" name="OurWebSite" time="5.382"/>
  <testcase classname="dataprovider.OurWebSiteExcel" name="OurWebSite" time="3.344"/>
  <testcase classname="dataprovider.OurWebSiteExcel" name="OurWebSite" time="1.744"/>
  <testcase classname="dataprovider.OurWebSiteExcel" name="OurWebSite" time="5.392"/>
  <testcase classname="dataprovider.OurWebSiteExcel" name="OurWebSite" time="5.263"/>
  <testcase classname="dataprovider.OurWebSiteExcel" name="OurWebSite" time="2.311"/>
</testsuite> <!-- dataprovider.OurWebSiteExcel -->
