<?xml version="1.0" encoding="UTF-8"?>
<!-- Generated by org.testng.reporters.JUnitReportReporter -->
<testsuite hostname="Anik" failures="0" tests="6" name="dataprovider.FacebookDataExcel" time="0.030" errors="0" timestamp="11 Nov. 2019 01:26:50 GMT" skipped="0">
  <testcase classname="dataprovider.FacebookDataExcel" name="facebookSignUp" time="0.002"/>
  <testcase classname="dataprovider.FacebookDataExcel" name="facebookSignUp" time="0.003"/>
  <testcase classname="dataprovider.FacebookDataExcel" name="facebookSignUp" time="0.003"/>
  <testcase classname="dataprovider.FacebookDataExcel" name="facebookSignUp" time="0.013"/>
  <testcase classname="dataprovider.FacebookDataExcel" name="facebookSignUp" time="0.003"/>
  <testcase classname="dataprovider.FacebookDataExcel" name="facebookSignUp" time="0.006"/>
</testsuite> <!-- dataprovider.FacebookDataExcel -->
