<?xml version="1.0" encoding="UTF-8"?>
<!-- Generated by org.testng.reporters.JUnitReportReporter -->
<testsuite hostname="Anik" failures="0" tests="7" name="dataprovider.OurWebSiteExcelTest" time="21.066" errors="0" timestamp="11 Nov. 2019 01:25:29 GMT" skipped="0">
  <testcase classname="dataprovider.OurWebSiteExcelTest" name="OurWebSite" time="4.078"/>
  <testcase classname="dataprovider.OurWebSiteExcelTest" name="OurWebSite" time="4.112"/>
  <testcase classname="dataprovider.OurWebSiteExcelTest" name="OurWebSite" time="2.065"/>
  <testcase classname="dataprovider.OurWebSiteExcelTest" name="OurWebSite" time="1.051"/>
  <testcase classname="dataprovider.OurWebSiteExcelTest" name="OurWebSite" time="4.328"/>
  <testcase classname="dataprovider.OurWebSiteExcelTest" name="OurWebSite" time="4.348"/>
  <testcase classname="dataprovider.OurWebSiteExcelTest" name="OurWebSite" time="1.084"/>
</testsuite> <!-- dataprovider.OurWebSiteExcelTest -->
