<?xml version="1.0" encoding="UTF-8"?>
<!-- Generated by org.testng.reporters.JUnitReportReporter -->
<testsuite hostname="Anik" failures="0" tests="7" name="dataprovider.OurWebSiteExcelTest" time="22.247" errors="0" timestamp="11 Nov. 2019 12:19:46 GMT" skipped="0">
  <testcase classname="dataprovider.OurWebSiteExcelTest" name="OurWebSite" time="1.507"/>
  <testcase classname="dataprovider.OurWebSiteExcelTest" name="OurWebSite" time="1.094"/>
  <testcase classname="dataprovider.OurWebSiteExcelTest" name="OurWebSite" time="3.783"/>
  <testcase classname="dataprovider.OurWebSiteExcelTest" name="OurWebSite" time="4.532"/>
  <testcase classname="dataprovider.OurWebSiteExcelTest" name="OurWebSite" time="5.160"/>
  <testcase classname="dataprovider.OurWebSiteExcelTest" name="OurWebSite" time="2.087"/>
  <testcase classname="dataprovider.OurWebSiteExcelTest" name="OurWebSite" time="4.084"/>
</testsuite> <!-- dataprovider.OurWebSiteExcelTest -->
